<?xml version="1.0" encoding="UTF-8"?>
<!-- Generated by org.testng.reporters.JUnitReportReporter -->
<testsuite hostname="HP-PC" name="utility.CaptureScreenshot" tests="1" failures="0" timestamp="4 Oct 2018 12:30:20 GMT" time="21.638" errors="0">
  <testcase name="captureScreenShot" time="21.638" classname="utility.CaptureScreenshot"/>
</testsuite> <!-- utility.CaptureScreenshot -->
