<?xml version="1.0" encoding="UTF-8"?>
<!-- Generated by org.testng.reporters.JUnitReportReporter -->
<testsuite hostname="HP-PC" name="testcases.VerifyHomePageTest" tests="1" failures="0" timestamp="10 Oct 2018 10:48:31 GMT" time="11.160" errors="0">
  <testcase name="homePageTest" time="11.160" classname="testcases.VerifyHomePageTest"/>
</testsuite> <!-- testcases.VerifyHomePageTest -->
